<?xml version='1.0' encoding='UTF-8'?>
<testsuite hostname="WINDOWS-S9G4P1I" name="Tests" tests="4" errors="0" failures="0" skipped="0" time="-0.004" timestamp="2019-12-10T21:46:14">
                     <properties>
      <property name="awt.toolkit" value="sun.awt.windows.WToolkit"/><property name="java.specification.version" value="9"/><property name="sun.cpu.isalist" value="amd64"/><property name="sun.jnu.encoding" value="Cp1252"/><property name="sun.arch.data.model" value="64"/><property name="sbt.supershell" value="false"/><property name="java.vendor.url" value="http://java.oracle.com/"/><property name="sun.boot.library.path" value="C:\Program Files\Java\jdk-9.0.4\bin"/><property name="sun.java.command" value="C:\Users\Shin's Dell\.IntelliJIdea2019.2\config\plugins\Scala\launcher\sbt-launch.jar --addPluginSbtFile=C:\Users\SHIN'S~1\AppData\Local\Temp\idea.sbt ; set ideaPort in Global := 55287 ; idea-shell"/><property name="jdk.debug" value="release"/><property name="sun.stderr.encoding" value="cp437"/><property name="java.specification.vendor" value="Oracle Corporation"/><property name="java.home" value="C:\Program Files\Java\jdk-9.0.4"/><property name="file.separator" value="\"/><property name="java.vm.compressedOopsMode" value="32-bit"/><property name="line.separator" value="
"/><property name="sun.stdout.encoding" value="cp437"/><property name="java.specification.name" value="Java Platform API Specification"/><property name="java.vm.specification.vendor" value="Oracle Corporation"/><property name="user.script" value=""/><property name="sun.management.compiler" value="HotSpot 64-Bit Tiered Compilers"/><property name="java.runtime.version" value="9.0.4+11"/><property name="user.name" value="Shin's Dell"/><property name="log4j.ignoreTCL" value="true"/><property name="file.encoding" value="UTF-8"/><property name="jnidispatch.path" value="C:\Users\SHIN'S~1\AppData\Local\Temp\jna--872255301\jna5980036519114323944.dll"/><property name="jna.loaded" value="true"/><property name="java.io.tmpdir" value="C:\Users\SHIN'S~1\AppData\Local\Temp\"/><property name="java.version" value="9.0.4"/><property name="java.vm.specification.name" value="Java Virtual Machine Specification"/><property name="java.awt.printerjob" value="sun.awt.windows.WPrinterJob"/><property name="sun.os.patch.level" value=""/><property name="java.library.path" value="C:\Program Files\Java\jdk-9.0.4\bin;C:\WINDOWS\Sun\Java\bin;C:\WINDOWS\system32;C:\WINDOWS;C:\ProgramData\Oracle\Java\javapath;C:\Program Files (x86)\Java\jre1.8.0_151\bin;C:\Program Files\Git\cmd;C:\WINDOWS\system32;C:\WINDOWS;C:\WINDOWS\System32\Wbem;C:\WINDOWS\System32\WindowsPowerShell\v1.0\;C:\Program Files\PuTTY\;C:\apache-ant\apache-ant-1.10.1\bin;;C:\WINDOWS\System32\OpenSSH\;C:\Program Files\WorldPainter;C:\PostgreSQL\pg10\bin;C:\Program Files (x86)\NVIDIA Corporation\PhysX\Common;C:\Program Files\NVIDIA Corporation\NVIDIA NvDLISR;C:\Program Files (x86)\Calibre2\;C:\Program Files\nodejs\;C:\ProgramData\chocolatey\bin;C:\Program Files (x86)\sbt\bin;%SystemRoot%\system32;%SystemRoot%;%SystemRoot%\System32\Wbem;%SYSTEMROOT%\System32\WindowsPowerShell\v1.0\;%SYSTEMROOT%\System32\OpenSSH\;%PATH;C:\Users\Shin's Dell\AppData\Local\Programs\Python\Python37\Scripts;C:\Users\Shin's Dell\AppData\Local\Programs\Azure Data Studio\bin;C:\Users\Shin's Dell\AppData\Roaming\npm;C:\Program Files\JetBrains\IntelliJ IDEA 2019.2.1\bin;;C:\Users\Shin's Dell\AppData\Local\Programs\Microsoft VS Code\bin;C:\Users\Shin's Dell\AppData\Local\Microsoft\WindowsApps;;."/><property name="java.vendor" value="Oracle Corporation"/><property name="sun.io.unicode.encoding" value="UnicodeLittle"/><property name="sun.desktop" value="windows"/><property name="file.encoding.pkg" value="sun.io"/><property name="java.class.path" value="C:\Users\Shin's Dell\.IntelliJIdea2019.2\config\plugins\Scala\launcher\sbt-launch.jar"/><property name="java.vm.vendor" value="Oracle Corporation"/><property name="user.variant" value=""/><property name="jline.shutdownhook" value="false"/><property name="user.timezone" value="America/Chicago"/><property name="os.name" value="Windows 10"/><property name="java.vm.specification.version" value="9"/><property name="sun.java.launcher" value="SUN_STANDARD"/><property name="user.country" value="US"/><property name="sun.cpu.endian" value="little"/><property name="user.home" value="C:\Users\Shin's Dell"/><property name="user.language" value="en"/><property name="swoval.tmpdir" value="C:\Users\Shin's Dell\.sbt\1.0"/><property name="java.awt.graphicsenv" value="sun.awt.Win32GraphicsEnvironment"/><property name="jline.esc.timeout" value="0"/><property name="path.separator" value=";"/><property name="os.version" value="10.0"/><property name="jna.nosys" value="true"/><property name="java.runtime.name" value="Java(TM) SE Runtime Environment"/><property name="sbt.log.noformat" value="true"/><property name="java.vm.name" value="Java HotSpot(TM) 64-Bit Server VM"/><property name="java.vendor.url.bug" value="http://bugreport.java.com/bugreport/"/><property name="user.dir" value="C:\Users\Shin's Dell\IdeaProjects\courseproject\course_project"/><property name="os.arch" value="amd64"/><property name="idea.managed" value="true"/><property name="java.vm.info" value="mixed mode"/><property name="java.vm.version" value="9.0.4+11"/><property name="java.class.version" value="53.0"/>
    </properties>
                     <testcase classname="Tests" name="testAssignment" time="-0.001">
                                                 
                                               </testcase><testcase classname="Tests" name="instrumentationTestClassInitializer" time="-0.001">
                                                 
                                               </testcase><testcase classname="Tests" name="instrumentationTestVariableDeclaration" time="-0.001">
                                                 
                                               </testcase><testcase classname="Tests" name="testBlockInstrumentation" time="-0.001">
                                                 
                                               </testcase>
                     <system-out><![CDATA[]]></system-out>
                     <system-err><![CDATA[]]></system-err>
                   </testsuite>